<?xml version="1.0" encoding="UTF-8"?>
<!-- Generated by org.testng.reporters.JUnitReportReporter -->
<testsuite hostname="DESKTOP-613T72M" failures="0" tests="3" name="com.qa.testcases.TC_RegisterPage_001" time="55.375" errors="0" timestamp="2023-10-19T00:14:57 GMT-11:00" skipped="0">
  <testcase classname="com.qa.testcases.TC_RegisterPage_001" name="test1" time="4.231"/>
  <testcase classname="com.qa.testcases.TC_RegisterPage_001" name="test2" time="11.827"/>
  <testcase classname="com.qa.testcases.TC_RegisterPage_001" name="test3" time="39.317"/>
</testsuite> <!-- com.qa.testcases.TC_RegisterPage_001 -->
