<?xml version="1.0" encoding="UTF-8"?>
<!-- Generated by org.testng.reporters.JUnitReportReporter -->
<testsuite hostname="DESKTOP-613T72M" failures="0" tests="3" name="com.qa.testcases.TC_LogInPage_002" time="35.010" errors="0" timestamp="2023-10-20T01:06:21 GMT-11:00" skipped="0">
  <testcase classname="com.qa.testcases.TC_LogInPage_002" name="test1" time="4.465"/>
  <testcase classname="com.qa.testcases.TC_LogInPage_002" name="loginWithEmptyInput" time="13.397"/>
  <testcase classname="com.qa.testcases.TC_LogInPage_002" name="loginWithValidEmailAndPassword" time="17.148"/>
</testsuite> <!-- com.qa.testcases.TC_LogInPage_002 -->
