<?xml version="1.0" encoding="UTF-8"?>
<!-- Generated by org.testng.reporters.JUnitReportReporter -->
<testsuite hostname="DESKTOP-613T72M" failures="0" tests="2" name="com.qa.testcases.TC_LogInPage_002" time="21.754" errors="0" timestamp="2023-10-19T00:42:13 GMT-11:00" skipped="0">
  <testcase classname="com.qa.testcases.TC_LogInPage_002" name="test1" time="5.175"/>
  <testcase classname="com.qa.testcases.TC_LogInPage_002" name="test2" time="16.579"/>
</testsuite> <!-- com.qa.testcases.TC_LogInPage_002 -->
