<?xml version="1.0" encoding="UTF-8"?>
<!-- Generated by org.testng.reporters.JUnitReportReporter -->
<testsuite hostname="DESKTOP-613T72M" failures="0" tests="6" name="com.qa.testcases.TC_LogInPage_002" time="68.670" errors="0" timestamp="2023-10-20T01:31:28 GMT-11:00" skipped="0">
  <testcase classname="com.qa.testcases.TC_LogInPage_002" name="test1" time="4.584"/>
  <testcase classname="com.qa.testcases.TC_LogInPage_002" name="loginWithInvalidEmail" time="15.998"/>
  <testcase classname="com.qa.testcases.TC_LogInPage_002" name="loginWithEmptyInput" time="13.494"/>
  <testcase classname="com.qa.testcases.TC_LogInPage_002" name="loginWithInvalidPassword" time="15.299"/>
  <testcase classname="com.qa.testcases.TC_LogInPage_002" name="loginWithValidEmailAndPassword" time="16.621"/>
  <testcase classname="com.qa.testcases.TC_LogInPage_002" name="logOut" time="2.674"/>
</testsuite> <!-- com.qa.testcases.TC_LogInPage_002 -->
