<?xml version="1.0" encoding="UTF-8"?>
<!-- Generated by org.testng.reporters.JUnitReportReporter -->
<testsuite hostname="DESKTOP-613T72M" failures="0" tests="6" name="com.qa.testcases.TC_RegisterPage_001" time="55.706" errors="0" timestamp="2023-10-19T21:09:47 GMT-11:00" skipped="0">
  <testcase classname="com.qa.testcases.TC_RegisterPage_001" name="test1" time="3.527"/>
  <testcase classname="com.qa.testcases.TC_RegisterPage_001" name="doSignUpWithBlankInput" time="7.195"/>
  <testcase classname="com.qa.testcases.TC_RegisterPage_001" name="doSignUpWithValidEmail" time="6.692"/>
  <testcase classname="com.qa.testcases.TC_RegisterPage_001" name="fillSignupInfoWithBlankInput" time="6.117"/>
  <testcase classname="com.qa.testcases.TC_RegisterPage_001" name="fillupValidSignupInformation" time="20.219"/>
  <testcase classname="com.qa.testcases.TC_RegisterPage_001" name="doLogOut" time="11.956"/>
</testsuite> <!-- com.qa.testcases.TC_RegisterPage_001 -->
