<?xml version="1.0" encoding="UTF-8"?>
<!-- Generated by org.testng.reporters.JUnitReportReporter -->
<testsuite hostname="DESKTOP-613T72M" failures="0" tests="5" name="com.qa.testcases.TC_RegisterPage_001" time="47.784" errors="0" timestamp="2023-10-19T20:49:47 GMT-11:00" skipped="0">
  <testcase classname="com.qa.testcases.TC_RegisterPage_001" name="test1" time="6.914"/>
  <testcase classname="com.qa.testcases.TC_RegisterPage_001" name="doSignUpWithBlankInput" time="7.516"/>
  <testcase classname="com.qa.testcases.TC_RegisterPage_001" name="doSignUpWithValidEmail" time="6.903"/>
  <testcase classname="com.qa.testcases.TC_RegisterPage_001" name="fillSignupInfoWithBlankInput" time="6.108"/>
  <testcase classname="com.qa.testcases.TC_RegisterPage_001" name="fillupValidSignupInformation" time="20.343"/>
</testsuite> <!-- com.qa.testcases.TC_RegisterPage_001 -->
