<?xml version="1.0" encoding="UTF-8"?>
<!-- Generated by org.testng.reporters.JUnitReportReporter -->
<testsuite hostname="DESKTOP-613T72M" failures="0" tests="5" name="com.qa.testcases.TC_LogInPage_002" time="63.268" errors="0" timestamp="2023-10-20T01:19:38 GMT-11:00" skipped="0">
  <testcase classname="com.qa.testcases.TC_LogInPage_002" name="test1" time="4.059"/>
  <testcase classname="com.qa.testcases.TC_LogInPage_002" name="loginWithInvalidEmail" time="15.655"/>
  <testcase classname="com.qa.testcases.TC_LogInPage_002" name="loginWithEmptyInput" time="12.946"/>
  <testcase classname="com.qa.testcases.TC_LogInPage_002" name="loginWithInvalidPassword" time="14.303"/>
  <testcase classname="com.qa.testcases.TC_LogInPage_002" name="loginWithValidEmailAndPassword" time="16.305"/>
</testsuite> <!-- com.qa.testcases.TC_LogInPage_002 -->
