<?xml version="1.0" encoding="UTF-8"?>
<!-- Generated by org.testng.reporters.JUnitReportReporter -->
<testsuite hostname="DESKTOP-613T72M" failures="0" tests="5" name="com.qa.testcases.TC_HomePage_004" time="29.467" errors="0" timestamp="2023-10-18T18:48:55 GMT-11:00" skipped="0">
  <testcase classname="com.qa.testcases.TC_HomePage_004" name="test1" time="3.694"/>
  <testcase classname="com.qa.testcases.TC_HomePage_004" name="checkLinkCount" time="2.419"/>
  <testcase classname="com.qa.testcases.TC_HomePage_004" name="checkCategoriesLink" time="0.081"/>
  <testcase classname="com.qa.testcases.TC_HomePage_004" name="checkFeaturedProduct" time="5.114"/>
  <testcase classname="com.qa.testcases.TC_HomePage_004" name="checkRecomendededProduct" time="18.159"/>
</testsuite> <!-- com.qa.testcases.TC_HomePage_004 -->
