<?xml version="1.0" encoding="UTF-8"?>
<!-- Generated by org.testng.reporters.JUnitReportReporter -->
<testsuite hostname="DESKTOP-613T72M" failures="0" tests="8" name="com.qa.testcases.TC_RegisterPage_001" time="53.048" errors="0" timestamp="2023-10-22T16:09:54 GMT-11:00" skipped="0">
  <testcase classname="com.qa.testcases.TC_RegisterPage_001" name="test1" time="6.147"/>
  <testcase classname="com.qa.testcases.TC_RegisterPage_001" name="doSignUpWithBlankInput" time="5.361"/>
  <testcase classname="com.qa.testcases.TC_RegisterPage_001" name="doSignUpWithValidEmail" time="4.817"/>
  <testcase classname="com.qa.testcases.TC_RegisterPage_001" name="fillSignupInfoWithBlankInput" time="6.141"/>
  <testcase classname="com.qa.testcases.TC_RegisterPage_001" name="fillupValidSignupInformation" time="20.120"/>
  <testcase classname="com.qa.testcases.TC_RegisterPage_001" name="verifyUserAccout" time="3.957"/>
  <testcase classname="com.qa.testcases.TC_RegisterPage_001" name="logOut" time="2.333"/>
  <testcase classname="com.qa.testcases.TC_RegisterPage_001" name="signUpWithSameEmail" time="4.172"/>
</testsuite> <!-- com.qa.testcases.TC_RegisterPage_001 -->
