<?xml version="1.0" encoding="UTF-8"?>
<!-- Generated by org.testng.reporters.JUnitReportReporter -->
<testsuite hostname="DESKTOP-613T72M" failures="0" tests="8" name="com.qa.testcases.TC_HomePage_004" time="57.190" errors="0" timestamp="2023-10-23T01:25:53 GMT-11:00" skipped="0">
  <testcase classname="com.qa.testcases.TC_HomePage_004" name="test1" time="3.957"/>
  <testcase classname="com.qa.testcases.TC_HomePage_004" name="checkLinkCount" time="0.116"/>
  <testcase classname="com.qa.testcases.TC_HomePage_004" name="checkCategoriesLink" time="0.171"/>
  <testcase classname="com.qa.testcases.TC_HomePage_004" name="checkFeaturedProduct" time="4.183"/>
  <testcase classname="com.qa.testcases.TC_HomePage_004" name="checkRecomendededProduct" time="15.600"/>
  <testcase classname="com.qa.testcases.TC_HomePage_004" name="viewCart" time="4.065"/>
  <testcase classname="com.qa.testcases.TC_HomePage_004" name="CheckoutWithOutLogIn" time="2.107"/>
  <testcase classname="com.qa.testcases.TC_HomePage_004" name="loginWithAndCheckOut" time="26.991"/>
</testsuite> <!-- com.qa.testcases.TC_HomePage_004 -->
