<?xml version="1.0" encoding="UTF-8"?>
<!-- Generated by org.testng.reporters.JUnitReportReporter -->
<testsuite hostname="DESKTOP-613T72M" failures="0" tests="8" name="com.qa.testcases.TC_RegisterPage_001" time="57.949" errors="0" timestamp="2023-10-21T01:26:38 GMT-11:00" skipped="0">
  <testcase classname="com.qa.testcases.TC_RegisterPage_001" name="test1" time="4.823"/>
  <testcase classname="com.qa.testcases.TC_RegisterPage_001" name="doSignUpWithBlankInput" time="7.290"/>
  <testcase classname="com.qa.testcases.TC_RegisterPage_001" name="doSignUpWithValidEmail" time="6.887"/>
  <testcase classname="com.qa.testcases.TC_RegisterPage_001" name="fillSignupInfoWithBlankInput" time="6.126"/>
  <testcase classname="com.qa.testcases.TC_RegisterPage_001" name="fillupValidSignupInformation" time="20.253"/>
  <testcase classname="com.qa.testcases.TC_RegisterPage_001" name="verifyUserAccout" time="4.718"/>
  <testcase classname="com.qa.testcases.TC_RegisterPage_001" name="logOut" time="2.053"/>
  <testcase classname="com.qa.testcases.TC_RegisterPage_001" name="signUpWithSameEmail" time="5.799"/>
</testsuite> <!-- com.qa.testcases.TC_RegisterPage_001 -->
